-------------------------------------------------------------------------------
Test set: fr.ufrsciencestech.panier.model.MacedoineTest
-------------------------------------------------------------------------------
Tests run: 4, Failures: 1, Errors: 0, Skipped: 0, Time elapsed: 0.012 s <<< FAILURE! - in fr.ufrsciencestech.panier.model.MacedoineTest
testIsSeedlessTrue(fr.ufrsciencestech.panier.model.MacedoineTest)  Time elapsed: 0.002 s  <<< FAILURE!
java.lang.AssertionError
	at fr.ufrsciencestech.panier.model.MacedoineTest.testIsSeedlessTrue(MacedoineTest.java:25)

