<?xml version="1.0" encoding="UTF-8"?>
<testsuite xmlns:xsi="http://www.w3.org/2001/XMLSchema-instance" xsi:noNamespaceSchemaLocation="https://maven.apache.org/surefire/maven-surefire-plugin/xsd/surefire-test-report.xsd" name="fr.ufrsciencestech.panier.model.PanierTest" time="0.082" tests="17" errors="16" skipped="0" failures="1">
  <properties>
[...]
</properties>
  <testcase name="testBoycotteOrigine" classname="fr.ufrsciencestech.panier.model.PanierTest" time="0.001">
    <error type="java.lang.NullPointerException">java.lang.NullPointerException
	at fr.ufrsciencestech.panier.model.PanierTest.testBoycotteOrigine(PanierTest.java:239)
</error>
    <system-out><![CDATA[boycotteOrigine
]]></system-out>
  </testcase>
  <testcase name="testEstVide" classname="fr.ufrsciencestech.panier.model.PanierTest" time="0.002">
    <error type="java.lang.NullPointerException">java.lang.NullPointerException
	at fr.ufrsciencestech.panier.model.PanierTest.testEstVide(PanierTest.java:185)
</error>
    <system-out><![CDATA[estVide
]]></system-out>
  </testcase>
  <testcase name="testGetFruit" classname="fr.ufrsciencestech.panier.model.PanierTest" time="0.001">
    <error type="java.lang.NullPointerException">java.lang.NullPointerException
	at fr.ufrsciencestech.panier.model.PanierTest.testGetFruit(PanierTest.java:132)
</error>
    <system-out><![CDATA[getFruit
]]></system-out>
  </testcase>
  <testcase name="testGetContenanceMax" classname="fr.ufrsciencestech.panier.model.PanierTest" time="0">
    <error type="java.lang.NullPointerException">java.lang.NullPointerException
	at fr.ufrsciencestech.panier.model.PanierTest.testGetContenanceMax(PanierTest.java:117)
</error>
    <system-out><![CDATA[getContenanceMax
]]></system-out>
  </testcase>
  <testcase name="testAddObserver" classname="fr.ufrsciencestech.panier.model.PanierTest" time="0">
    <error type="java.lang.NullPointerException">java.lang.NullPointerException
	at fr.ufrsciencestech.panier.model.PanierTest.testAddObserver(PanierTest.java:63)
</error>
    <system-out><![CDATA[addObserver
]]></system-out>
  </testcase>
  <testcase name="testEstPlein" classname="fr.ufrsciencestech.panier.model.PanierTest" time="0.004">
    <error type="java.lang.NullPointerException">java.lang.NullPointerException
	at fr.ufrsciencestech.panier.model.PanierTest.testEstPlein(PanierTest.java:199)
</error>
    <system-out><![CDATA[estPlein
]]></system-out>
  </testcase>
  <testcase name="testMain" classname="fr.ufrsciencestech.panier.model.PanierTest" time="0.019">
    <failure message="The test case is a prototype." type="java.lang.AssertionError">java.lang.AssertionError: The test case is a prototype.
	at fr.ufrsciencestech.panier.model.PanierTest.testMain(PanierTest.java:268)
</failure>
    <system-out><![CDATA[main
premier test Panier

Banane avec le const vide: Banane de Espagne à 0.5 euros
Banane avec les param initialisé: Banane de Danemark à 158.0 euros
Test Panier.equals(Object) : OK
premier test Panier

Test ajout panier
Ajout bien réalisé

Test ajout panier
Banane avec le prix negatif: Banane de Allemagne à 3.0 euros
]]></system-out>
    <system-err><![CDATA[fr.ufrsciencestech.panier.model.PanierPleinException: Ajout impossible car le panier est plein !
	at fr.ufrsciencestech.panier.model.Panier.ajout(Panier.java:158)
	at fr.ufrsciencestech.panier.model.Panier.main(Panier.java:308)
	at fr.ufrsciencestech.panier.model.PanierTest.testMain(PanierTest.java:266)
	at java.base/jdk.internal.reflect.NativeMethodAccessorImpl.invoke0(Native Method)
	at java.base/jdk.internal.reflect.NativeMethodAccessorImpl.invoke(NativeMethodAccessorImpl.java:62)
	at java.base/jdk.internal.reflect.DelegatingMethodAccessorImpl.invoke(DelegatingMethodAccessorImpl.java:43)
	at java.base/java.lang.reflect.Method.invoke(Method.java:566)
	at org.junit.runners.model.FrameworkMethod$1.runReflectiveCall(FrameworkMethod.java:47)
	at org.junit.internal.runners.model.ReflectiveCallable.run(ReflectiveCallable.java:12)
	at org.junit.runners.model.FrameworkMethod.invokeExplosively(FrameworkMethod.java:44)
	at org.junit.internal.runners.statements.InvokeMethod.evaluate(InvokeMethod.java:17)
	at org.junit.internal.runners.statements.RunBefores.evaluate(RunBefores.java:26)
	at org.junit.internal.runners.statements.RunAfters.evaluate(RunAfters.java:27)
	at org.junit.runners.ParentRunner.runLeaf(ParentRunner.java:271)
	at org.junit.runners.BlockJUnit4ClassRunner.runChild(BlockJUnit4ClassRunner.java:70)
	at org.junit.runners.BlockJUnit4ClassRunner.runChild(BlockJUnit4ClassRunner.java:50)
	at org.junit.runners.ParentRunner$3.run(ParentRunner.java:238)
	at org.junit.runners.ParentRunner$1.schedule(ParentRunner.java:63)
	at org.junit.runners.ParentRunner.runChildren(ParentRunner.java:236)
	at org.junit.runners.ParentRunner.access$000(ParentRunner.java:53)
	at org.junit.runners.ParentRunner$2.evaluate(ParentRunner.java:229)
	at org.junit.internal.runners.statements.RunBefores.evaluate(RunBefores.java:26)
	at org.junit.internal.runners.statements.RunAfters.evaluate(RunAfters.java:27)
	at org.junit.runners.ParentRunner.run(ParentRunner.java:309)
	at org.apache.maven.surefire.junit4.JUnit4Provider.execute(JUnit4Provider.java:365)
	at org.apache.maven.surefire.junit4.JUnit4Provider.executeWithRerun(JUnit4Provider.java:273)
	at org.apache.maven.surefire.junit4.JUnit4Provider.executeTestSet(JUnit4Provider.java:238)
	at org.apache.maven.surefire.junit4.JUnit4Provider.invoke(JUnit4Provider.java:159)
	at org.apache.maven.surefire.booter.ForkedBooter.invokeProviderInSameClassLoader(ForkedBooter.java:384)
	at org.apache.maven.surefire.booter.ForkedBooter.runSuitesInProcess(ForkedBooter.java:345)
	at org.apache.maven.surefire.booter.ForkedBooter.execute(ForkedBooter.java:126)
	at org.apache.maven.surefire.booter.ForkedBooter.main(ForkedBooter.java:418)
]]></system-err>
  </testcase>
  <testcase name="testToString" classname="fr.ufrsciencestech.panier.model.PanierTest" time="0">
    <error type="java.lang.NullPointerException">java.lang.NullPointerException
	at fr.ufrsciencestech.panier.model.PanierTest.testToString(PanierTest.java:49)
</error>
    <system-out><![CDATA[toString
]]></system-out>
  </testcase>
  <testcase name="testAjout_0args" classname="fr.ufrsciencestech.panier.model.PanierTest" time="0.001">
    <error type="java.lang.NullPointerException">java.lang.NullPointerException
	at fr.ufrsciencestech.panier.model.PanierTest.testAjout_0args(PanierTest.java:145)
</error>
    <system-out><![CDATA[ajout
]]></system-out>
  </testcase>
  <testcase name="testAjout_Fruit" classname="fr.ufrsciencestech.panier.model.PanierTest" time="0">
    <error type="java.lang.NullPointerException">java.lang.NullPointerException
	at fr.ufrsciencestech.panier.model.PanierTest.testAjout_Fruit(PanierTest.java:158)
</error>
    <system-out><![CDATA[ajout
]]></system-out>
  </testcase>
  <testcase name="testGetPrix" classname="fr.ufrsciencestech.panier.model.PanierTest" time="0">
    <error type="java.lang.NullPointerException">java.lang.NullPointerException
	at fr.ufrsciencestech.panier.model.PanierTest.testGetPrix(PanierTest.java:225)
</error>
    <system-out><![CDATA[getPrix
]]></system-out>
  </testcase>
  <testcase name="testRetrait" classname="fr.ufrsciencestech.panier.model.PanierTest" time="0.001">
    <error type="java.lang.NullPointerException">java.lang.NullPointerException
	at fr.ufrsciencestech.panier.model.PanierTest.testRetrait(PanierTest.java:212)
</error>
    <system-out><![CDATA[retrait
]]></system-out>
  </testcase>
  <testcase name="testSetFruits" classname="fr.ufrsciencestech.panier.model.PanierTest" time="0.003">
    <error type="java.lang.NullPointerException">java.lang.NullPointerException
	at fr.ufrsciencestech.panier.model.PanierTest.testSetFruits(PanierTest.java:90)
</error>
    <system-out><![CDATA[setFruits
]]></system-out>
  </testcase>
  <testcase name="testGetTaillePanier" classname="fr.ufrsciencestech.panier.model.PanierTest" time="0.002">
    <error type="java.lang.NullPointerException">java.lang.NullPointerException
	at fr.ufrsciencestech.panier.model.PanierTest.testGetTaillePanier(PanierTest.java:103)
</error>
    <system-out><![CDATA[getTaillePanier
]]></system-out>
  </testcase>
  <testcase name="testGetFruits" classname="fr.ufrsciencestech.panier.model.PanierTest" time="0">
    <error type="java.lang.NullPointerException">java.lang.NullPointerException
	at fr.ufrsciencestech.panier.model.PanierTest.testGetFruits(PanierTest.java:76)
</error>
    <system-out><![CDATA[getFruits
]]></system-out>
  </testcase>
  <testcase name="testEquals" classname="fr.ufrsciencestech.panier.model.PanierTest" time="0.01">
    <error type="java.lang.NullPointerException">java.lang.NullPointerException
	at fr.ufrsciencestech.panier.model.PanierTest.testEquals(PanierTest.java:253)
</error>
    <system-out><![CDATA[equals
]]></system-out>
  </testcase>
  <testcase name="testSetFruit" classname="fr.ufrsciencestech.panier.model.PanierTest" time="0.001">
    <error type="java.lang.NullPointerException">java.lang.NullPointerException
	at fr.ufrsciencestech.panier.model.PanierTest.testSetFruit(PanierTest.java:172)
</error>
    <system-out><![CDATA[setFruit
]]></system-out>
  </testcase>
</testsuite>