<?xml version="1.0" encoding="UTF-8"?>
<testsuite xmlns:xsi="http://www.w3.org/2001/XMLSchema-instance" xsi:noNamespaceSchemaLocation="https://maven.apache.org/surefire/maven-surefire-plugin/xsd/surefire-test-report.xsd" name="fr.ufrsciencestech.panier.model.OrangeTest" time="0.021" tests="5" errors="0" skipped="0" failures="3">
  <properties>
[...]
</properties>
  <testcase name="testToString" classname="fr.ufrsciencestech.panier.model.OrangeTest" time="0.007">
    <failure type="java.lang.AssertionError">java.lang.AssertionError
</failure>
  </testcase>
  <testcase name="testGetPrix" classname="fr.ufrsciencestech.panier.model.OrangeTest" time="0.002"/>
  <testcase name="testSetOrigine" classname="fr.ufrsciencestech.panier.model.OrangeTest" time="0">
    <failure type="java.lang.AssertionError">java.lang.AssertionError
</failure>
  </testcase>
  <testcase name="testEquals" classname="fr.ufrsciencestech.panier.model.OrangeTest" time="0.001"/>
  <testcase name="testSetPrix" classname="fr.ufrsciencestech.panier.model.OrangeTest" time="0.001">
    <failure type="java.lang.AssertionError">java.lang.AssertionError
</failure>
  </testcase>
</testsuite>